Build started 9/6/2016 11:35:33 AM.
     1>Project "C:\Users\atucci\Documents\Visual Studio 2015\Projects\Macbeth\Macbeth\Macbeth.vcxproj" on node 2 (Build target(s)).
     1>ClCompile:
         C:\Program Files (x86)\Microsoft Visual Studio 14.0\VC\bin\CL.exe /c /Zi /nologo /W3 /WX- /sdl /O2 /Oi /Oy- /GL /D WIN32 /D NDEBUG /D _CONSOLE /D _UNICODE /D UNICODE /Gm- /EHsc /MD /GS /Gy /fp:precise /Zc:wchar_t /Zc:forScope /Zc:inline /Yc"stdafx.h" /Fp"Release\Macbeth.pch" /Fo"Release\\" /Fd"Release\vc140.pdb" /Gd /TP /analyze- /errorReport:prompt stdafx.cpp
         stdafx.cpp
         C:\Program Files (x86)\Microsoft Visual Studio 14.0\VC\bin\CL.exe /c /Zi /nologo /W3 /WX- /sdl /O2 /Oi /Oy- /GL /D WIN32 /D NDEBUG /D _CONSOLE /D _UNICODE /D UNICODE /Gm- /EHsc /MD /GS /Gy /fp:precise /Zc:wchar_t /Zc:forScope /Zc:inline /Yu"stdafx.h" /Fp"Release\Macbeth.pch" /Fo"Release\\" /Fd"Release\vc140.pdb" /Gd /TP /analyze- /errorReport:prompt Macbeth.cpp
         Macbeth.cpp
     1>Macbeth.cpp(93): warning C4018: '<': signed/unsigned mismatch
     1>Macbeth.cpp(98): warning C4018: '<': signed/unsigned mismatch
     1>Macbeth.cpp(119): warning C4018: '<': signed/unsigned mismatch
     1>Macbeth.cpp(134): warning C4018: '<': signed/unsigned mismatch
       Link:
         C:\Program Files (x86)\Microsoft Visual Studio 14.0\VC\bin\link.exe /ERRORREPORT:PROMPT /OUT:"C:\Users\atucci\Documents\Visual Studio 2015\Projects\Macbeth\Release\Macbeth.exe" /INCREMENTAL:NO /NOLOGO kernel32.lib user32.lib gdi32.lib winspool.lib comdlg32.lib advapi32.lib shell32.lib ole32.lib oleaut32.lib uuid.lib odbc32.lib odbccp32.lib /MANIFEST /MANIFESTUAC:"level='asInvoker' uiAccess='false'" /manifest:embed /Debug /PDB:"C:\Users\atucci\Documents\Visual Studio 2015\Projects\Macbeth\Release\Macbeth.pdb" /SUBSYSTEM:CONSOLE /OPT:REF /OPT:ICF /LTCG:incremental /TLBID:1 /DYNAMICBASE /NXCOMPAT /IMPLIB:"C:\Users\atucci\Documents\Visual Studio 2015\Projects\Macbeth\Release\Macbeth.lib" /MACHINE:X86 /SAFESEH Release\Macbeth.obj
         Release\stdafx.obj
         Generating code
         524 of 526 functions (99.6%) were compiled, the rest were copied from previous compilation.
           0 functions were new in current compilation
           0 functions had inline decision re-evaluated but remain unchanged
         Finished generating code
         Macbeth.vcxproj -> C:\Users\atucci\Documents\Visual Studio 2015\Projects\Macbeth\Release\Macbeth.exe
     1>Done Building Project "C:\Users\atucci\Documents\Visual Studio 2015\Projects\Macbeth\Macbeth\Macbeth.vcxproj" (Build target(s)).

Build succeeded.

Time Elapsed 00:00:03.55
